Arguments: 
  /Users/james/.nvm/versions/node/v9.11.2/bin/node /Users/james/.yarn/bin/yarn.js init

PATH: 
  /Users/james/.rvm/gems/ruby-2.3.3/bin:/Users/james/.rvm/gems/ruby-2.3.3@global/bin:/Users/james/.rvm/rubies/ruby-2.3.3/bin:/Users/james/.yarn/bin:/Users/james/.config/yarn/global/node_modules/.bin:/Users/james/.pyenv/shims:/Users/james/.nvm/versions/node/v9.11.2/bin:/Users/james/.cargo/bin:/usr/local/bin:/usr/bin:/bin:/usr/sbin:/sbin:/Applications/VMware Fusion.app/Contents/Public:/Library/Frameworks/Mono.framework/Versions/Current/Commands:/Users/james/.rvm/gems/ruby-2.3.3/bin:/Users/james/.rvm/gems/ruby-2.3.3@global/bin:/Users/james/.rvm/rubies/ruby-2.3.3/bin:/Users/james/.yarn/bin:/Users/james/.config/yarn/global/node_modules/.bin:/Users/james/.pyenv/shims:/Users/james/.cargo/bin:/Users/james/.fzf/bin:/Users/james/.rvm/bin

Yarn version: 
  1.12.3

Node version: 
  9.11.2

Platform: 
  darwin x64

Trace: 
  Error: canceled
      at Interface.<anonymous> (/Users/james/.yarn/lib/cli.js:125278:13)
      at Interface.emit (events.js:180:13)
      at Interface._ttyWrite (readline.js:783:16)
      at ReadStream.onkeypress (readline.js:163:10)
      at ReadStream.emit (events.js:180:13)
      at emitKeys (internal/readline.js:422:14)
      at emitKeys.next (<anonymous>)
      at ReadStream.onData (readline.js:1019:36)
      at ReadStream.emit (events.js:180:13)
      at addChunk (_stream_readable.js:274:12)

npm manifest: 
  No manifest

yarn manifest: 
  No manifest

Lockfile: 
  No lockfile
